<?xml version="1.0" encoding="UTF-8" standalone="no"?><testsuite errors="0" failures="1" name="login en Spotify de manera exitoza." skipped="0" tests="1" time="16.83" timestamp="2023-11-16 12:03:23"><testcase name="Login exitoso."><failure message="&#13;&#10;Expected: &quot;scuchado recientemente&quot;&#13;&#10;     but: was &quot;Escuchado recientemente&quot;" type="java.lang.AssertionError">&#13;
Expected: "scuchado recientemente"&#13;
     but: was "Escuchado recientemente"</failure><system-err>&#13;
Expected: "scuchado recientemente"&#13;
     but: was "Escuchado recientemente"&#13;
com.spotify.open.stepDefinitions.SpotifyStepDefinition.elUsuarioPodraVerLaListaDeCanciones(SpotifyStepDefinition.java:40)&#13;
✽.el usuario podra ver la lista de canciones(file:///C:/MiPrimerProyecto/retoholamundo/src/test/resources/features/ReproducirMusica.feature:8)&#13;
</system-err></testcase></testsuite>